<?xml version="1.0" encoding="UTF-8"?>
<testsuite xmlns:xsi="http://www.w3.org/2001/XMLSchema-instance" xsi:noNamespaceSchemaLocation="https://maven.apache.org/surefire/maven-surefire-plugin/xsd/surefire-test-report-3.0.xsd" version="3.0" name="com.dos.GameTest" time="0.163" tests="19" errors="0" skipped="0" failures="0">
  <properties>
[...]
</properties>
  <testcase name="testHasTwoIdenticalCards2" classname="com.dos.GameTest" time="0.007"/>
  <testcase name="testGetStockpile" classname="com.dos.GameTest" time="0.002"/>
  <testcase name="testGetPlayerHandSize" classname="com.dos.GameTest" time="0.002"/>
  <testcase name="testCountColor" classname="com.dos.GameTest" time="0.003"/>
  <testcase name="testAddCard" classname="com.dos.GameTest" time="0.011">
    <system-out><![CDATA[
joueur 1 joue la carte RED_ONE dans la stockPile 1.
]]></system-out>
  </testcase>
  <testcase name="testHasEmptyHand" classname="com.dos.GameTest" time="0.002"/>
  <testcase name="testSumCards" classname="com.dos.GameTest" time="0.003">
    <system-out><![CDATA[
joueur 1 joue les cartes RED_THREE et RED_ONE dans la stockPile 2.
]]></system-out>
  </testcase>
  <testcase name="testGetPlayerHand" classname="com.dos.GameTest" time="0.004"/>
  <testcase name="testGetPlayers" classname="com.dos.GameTest" time="0.001"/>
  <testcase name="testGetCurrentPlayer" classname="com.dos.GameTest" time="0.017"/>
  <testcase name="testPlayWildTwo" classname="com.dos.GameTest" time="0.001">
    <system-out><![CDATA[
joueur 1 joue la carte WILD_WILD_TWO dans le stockPile 1 et demande la couleur BLUE.
]]></system-out>
  </testcase>
  <testcase name="testHasThreeIdenticalCards2" classname="com.dos.GameTest" time="0.004"/>
  <testcase name="testHasThreeIdenticalCards" classname="com.dos.GameTest" time="0.004"/>
  <testcase name="testValidCardPlay" classname="com.dos.GameTest" time="0.003"/>
  <testcase name="testHasTwoIdenticalCards" classname="com.dos.GameTest" time="0.003"/>
  <testcase name="testValidCardPlay2" classname="com.dos.GameTest" time="0.003"/>
  <testcase name="testSubmitDraw" classname="com.dos.GameTest" time="0.002"/>
  <testcase name="testSubmiTwoCards" classname="com.dos.GameTest" time="0.004">
    <system-out><![CDATA[
joueur 1 joue deux cartes RED_ONE dans la stockPile 1.
]]></system-out>
  </testcase>
  <testcase name="testSubmiThreeCards" classname="com.dos.GameTest" time="0.006">
    <system-out><![CDATA[Restart

joueur 1 joue trois cartes RED_ONE dans la stockPile 1. 

]]></system-out>
  </testcase>
</testsuite>